<?xml version="1.0" encoding="UTF-8"?>
<testsuite xmlns:xsi="http://www.w3.org/2001/XMLSchema-instance" xsi:noNamespaceSchemaLocation="https://maven.apache.org/surefire/maven-surefire-plugin/xsd/surefire-test-report.xsd" name="si.hekovnik.utils.MapUtilsTest" time="0.004" tests="2" errors="0" skipped="0" failures="0">
  <properties>
    <property name="sun.desktop" value="gnome"/>
    <property name="awt.toolkit" value="sun.awt.X11.XToolkit"/>
    <property name="java.specification.version" value="11"/>
    <property name="sun.cpu.isalist" value=""/>
    <property name="sun.jnu.encoding" value="UTF-8"/>
    <property name="java.class.path" value="/home/lampic/Dropbox/Jan/Delo/Hekovnik/KafkaConnectTransform/target/test-classes:/home/lampic/Dropbox/Jan/Delo/Hekovnik/KafkaConnectTransform/target/classes:/home/lampic/.m2/repository/org/apache/kafka/connect-api/1.1.0/connect-api-1.1.0.jar:/home/lampic/.m2/repository/org/apache/kafka/kafka-clients/1.1.0/kafka-clients-1.1.0.jar:/home/lampic/.m2/repository/org/lz4/lz4-java/1.4/lz4-java-1.4.jar:/home/lampic/.m2/repository/org/xerial/snappy/snappy-java/1.1.7.1/snappy-java-1.1.7.1.jar:/home/lampic/.m2/repository/org/slf4j/slf4j-api/1.7.25/slf4j-api-1.7.25.jar:/home/lampic/.m2/repository/junit/junit/4.12/junit-4.12.jar:/home/lampic/.m2/repository/org/hamcrest/hamcrest-core/1.3/hamcrest-core-1.3.jar:/home/lampic/.m2/repository/org/assertj/assertj-core/3.10.0/assertj-core-3.10.0.jar:/home/lampic/.m2/repository/com/fasterxml/jackson/core/jackson-databind/2.10.0.pr3/jackson-databind-2.10.0.pr3.jar:/home/lampic/.m2/repository/com/fasterxml/jackson/core/jackson-annotations/2.10.0.pr3/jackson-annotations-2.10.0.pr3.jar:/home/lampic/.m2/repository/com/fasterxml/jackson/core/jackson-core/2.10.0.pr3/jackson-core-2.10.0.pr3.jar:"/>
    <property name="java.vm.vendor" value="Ubuntu"/>
    <property name="sun.arch.data.model" value="64"/>
    <property name="java.vendor.url" value="https://ubuntu.com/"/>
    <property name="user.timezone" value=""/>
    <property name="java.vm.specification.version" value="11"/>
    <property name="os.name" value="Linux"/>
    <property name="sun.java.launcher" value="SUN_STANDARD"/>
    <property name="user.country" value="GB"/>
    <property name="sun.boot.library.path" value="/usr/lib/jvm/java-11-openjdk-amd64/lib"/>
    <property name="sun.java.command" value="/home/lampic/Dropbox/Jan/Delo/Hekovnik/KafkaConnectTransform/target/surefire/surefirebooter4789628751772773688.jar /home/lampic/Dropbox/Jan/Delo/Hekovnik/KafkaConnectTransform/target/surefire 2019-10-30T11-04-56_227-jvmRun1 surefire7188909233150552281tmp surefire_017819720471739595285tmp"/>
    <property name="jdk.debug" value="release"/>
    <property name="surefire.test.class.path" value="/home/lampic/Dropbox/Jan/Delo/Hekovnik/KafkaConnectTransform/target/test-classes:/home/lampic/Dropbox/Jan/Delo/Hekovnik/KafkaConnectTransform/target/classes:/home/lampic/.m2/repository/org/apache/kafka/connect-api/1.1.0/connect-api-1.1.0.jar:/home/lampic/.m2/repository/org/apache/kafka/kafka-clients/1.1.0/kafka-clients-1.1.0.jar:/home/lampic/.m2/repository/org/lz4/lz4-java/1.4/lz4-java-1.4.jar:/home/lampic/.m2/repository/org/xerial/snappy/snappy-java/1.1.7.1/snappy-java-1.1.7.1.jar:/home/lampic/.m2/repository/org/slf4j/slf4j-api/1.7.25/slf4j-api-1.7.25.jar:/home/lampic/.m2/repository/junit/junit/4.12/junit-4.12.jar:/home/lampic/.m2/repository/org/hamcrest/hamcrest-core/1.3/hamcrest-core-1.3.jar:/home/lampic/.m2/repository/org/assertj/assertj-core/3.10.0/assertj-core-3.10.0.jar:/home/lampic/.m2/repository/com/fasterxml/jackson/core/jackson-databind/2.10.0.pr3/jackson-databind-2.10.0.pr3.jar:/home/lampic/.m2/repository/com/fasterxml/jackson/core/jackson-annotations/2.10.0.pr3/jackson-annotations-2.10.0.pr3.jar:/home/lampic/.m2/repository/com/fasterxml/jackson/core/jackson-core/2.10.0.pr3/jackson-core-2.10.0.pr3.jar:"/>
    <property name="sun.cpu.endian" value="little"/>
    <property name="user.home" value="/home/lampic"/>
    <property name="user.language" value="en"/>
    <property name="java.specification.vendor" value="Oracle Corporation"/>
    <property name="java.version.date" value="2019-07-16"/>
    <property name="java.home" value="/usr/lib/jvm/java-11-openjdk-amd64"/>
    <property name="file.separator" value="/"/>
    <property name="basedir" value="/home/lampic/Dropbox/Jan/Delo/Hekovnik/KafkaConnectTransform"/>
    <property name="java.vm.compressedOopsMode" value="32-bit"/>
    <property name="line.separator" value="&#10;"/>
    <property name="idea.version2019.2.3" value="true"/>
    <property name="java.specification.name" value="Java Platform API Specification"/>
    <property name="java.vm.specification.vendor" value="Oracle Corporation"/>
    <property name="java.awt.graphicsenv" value="sun.awt.X11GraphicsEnvironment"/>
    <property name="surefire.real.class.path" value="/home/lampic/Dropbox/Jan/Delo/Hekovnik/KafkaConnectTransform/target/surefire/surefirebooter4789628751772773688.jar"/>
    <property name="sun.management.compiler" value="HotSpot 64-Bit Tiered Compilers"/>
    <property name="java.runtime.version" value="11.0.4+11-post-Ubuntu-1ubuntu218.04.3"/>
    <property name="user.name" value="lampic"/>
    <property name="path.separator" value=":"/>
    <property name="os.version" value="5.0.0-32-generic"/>
    <property name="java.runtime.name" value="OpenJDK Runtime Environment"/>
    <property name="file.encoding" value="UTF-8"/>
    <property name="java.vm.name" value="OpenJDK 64-Bit Server VM"/>
    <property name="localRepository" value="/home/lampic/.m2/repository"/>
    <property name="java.vendor.url.bug" value="https://bugs.launchpad.net/ubuntu/+source/openjdk-lts"/>
    <property name="java.io.tmpdir" value="/tmp"/>
    <property name="java.version" value="11.0.4"/>
    <property name="user.dir" value="/home/lampic/Dropbox/Jan/Delo/Hekovnik/KafkaConnectTransform"/>
    <property name="os.arch" value="amd64"/>
    <property name="java.vm.specification.name" value="Java Virtual Machine Specification"/>
    <property name="java.awt.printerjob" value="sun.print.PSPrinterJob"/>
    <property name="sun.os.patch.level" value="unknown"/>
    <property name="java.library.path" value="/usr/java/packages/lib:/usr/lib/x86_64-linux-gnu/jni:/lib/x86_64-linux-gnu:/usr/lib/x86_64-linux-gnu:/usr/lib/jni:/lib:/usr/lib"/>
    <property name="java.vendor" value="Ubuntu"/>
    <property name="java.vm.info" value="mixed mode, sharing"/>
    <property name="java.vm.version" value="11.0.4+11-post-Ubuntu-1ubuntu218.04.3"/>
    <property name="sun.io.unicode.encoding" value="UnicodeLittle"/>
    <property name="java.class.version" value="55.0"/>
  </properties>
  <testcase name="getValueByField" classname="si.hekovnik.utils.MapUtilsTest" time="0"/>
  <testcase name="getValueByField2" classname="si.hekovnik.utils.MapUtilsTest" time="0"/>
</testsuite>